ubuntu@ubuntu:~/Desktop/bkp/Assignment1$ sh analysis.sh 
+ awk { if ($4 > 10000) print $2,$7;} data.csv
EmployeeName TotalPay
NATHANIEL 567595
GARY 538909
ALBERT 335279
CHRISTOPHER 332343
PATRICK 326373
DAVID 316285
ALSON 315981
DAVID 307899
JOANNE 302377
PATRICIA 297608
EDWARD 294580
+ grep -i captain
+ awk {sum+=$7} END {print(sum)}
+ cat data.csv
1171796
+ awk { if ($5 >= 7000 && $5 <=10000 ) print $3,$5;} data.csv
DEPUTYCHIEF 9737
ASSTDEPUTY 8601
+ awk {sum+=$4} END {print(sum/NR)}
+ cat data.csv
157972
